{"/home/oussama/personal/ts-node-express/src/app.ts": {"path":"/home/oussama/personal/ts-node-express/src/app.ts","statementMap":{"0":{"start":{"line":1,"column":0},"end":{"line":1,"column":30}},"1":{"start":{"line":2,"column":0},"end":{"line":2,"column":51}},"2":{"start":{"line":3,"column":0},"end":{"line":3,"column":46}},"3":{"start":{"line":4,"column":0},"end":{"line":4,"column":58}},"4":{"start":{"line":6,"column":12},"end":{"line":6,"column":21}},"5":{"start":{"line":9,"column":0},"end":{"line":9,"column":24}},"6":{"start":{"line":10,"column":0},"end":{"line":10,"column":48}},"7":{"start":{"line":13,"column":0},"end":{"line":13,"column":40}},"8":{"start":{"line":14,"column":0},"end":{"line":14,"column":34}},"9":{"start":{"line":17,"column":0},"end":{"line":17,"column":22}},"10":{"start":{"line":19,"column":0},"end":{"line":19,"column":19}}},"fnMap":{},"branchMap":{},"s":{"0":0,"1":0,"2":0,"3":0,"4":0,"5":0,"6":0,"7":0,"8":0,"9":0,"10":0},"f":{},"b":{}}
,"/home/oussama/personal/ts-node-express/src/server.ts": {"path":"/home/oussama/personal/ts-node-express/src/server.ts","statementMap":{"0":{"start":{"line":1,"column":0},"end":{"line":1,"column":24}},"1":{"start":{"line":2,"column":0},"end":{"line":2,"column":37}},"2":{"start":{"line":4,"column":20},"end":{"line":13,"column":1}},"3":{"start":{"line":5,"column":2},"end":{"line":12,"column":3}},"4":{"start":{"line":6,"column":4},"end":{"line":8,"column":7}},"5":{"start":{"line":7,"column":6},"end":{"line":7,"column":88}},"6":{"start":{"line":10,"column":4},"end":{"line":10,"column":51}},"7":{"start":{"line":11,"column":4},"end":{"line":11,"column":20}},"8":{"start":{"line":15,"column":0},"end":{"line":15,"column":14}}},"fnMap":{"0":{"name":"(anonymous_1)","decl":{"start":{"line":4,"column":20},"end":{"line":4,"column":25}},"loc":{"start":{"line":4,"column":31},"end":{"line":13,"column":1}}},"1":{"name":"(anonymous_2)","decl":{"start":{"line":6,"column":28},"end":{"line":6,"column":31}},"loc":{"start":{"line":6,"column":33},"end":{"line":8,"column":5}}}},"branchMap":{},"s":{"0":0,"1":0,"2":0,"3":0,"4":0,"5":0,"6":0,"7":0,"8":0},"f":{"0":0,"1":0},"b":{}}
,"/home/oussama/personal/ts-node-express/src/config/config.ts": {"path":"/home/oussama/personal/ts-node-express/src/config/config.ts","statementMap":{"0":{"start":{"line":1,"column":0},"end":{"line":1,"column":28}},"1":{"start":{"line":3,"column":0},"end":{"line":3,"column":16}},"2":{"start":{"line":10,"column":23},"end":{"line":13,"column":2}},"3":{"start":{"line":15,"column":0},"end":{"line":15,"column":22}}},"fnMap":{},"branchMap":{"0":{"loc":{"start":{"line":11,"column":17},"end":{"line":11,"column":43}},"type":"binary-expr","locations":[{"start":{"line":11,"column":17},"end":{"line":11,"column":33}},{"start":{"line":11,"column":37},"end":{"line":11,"column":43}}]},"1":{"loc":{"start":{"line":12,"column":11},"end":{"line":12,"column":48}},"type":"binary-expr","locations":[{"start":{"line":12,"column":11},"end":{"line":12,"column":31}},{"start":{"line":12,"column":35},"end":{"line":12,"column":48}}]}},"s":{"0":0,"1":0,"2":0,"3":0},"f":{},"b":{"0":[0,0],"1":[0,0]}}
,"/home/oussama/personal/ts-node-express/src/controllers/servicesController.ts": {"path":"/home/oussama/personal/ts-node-express/src/controllers/servicesController.ts","statementMap":{"0":{"start":{"line":2,"column":0},"end":{"line":2,"column":55}},"1":{"start":{"line":5,"column":23},"end":{"line":5,"column":43}},"2":{"start":{"line":20,"column":25},"end":{"line":22,"column":1}},"3":{"start":{"line":21,"column":2},"end":{"line":21,"column":55}},"4":{"start":{"line":27,"column":4},"end":{"line":27,"column":58}},"5":{"start":{"line":28,"column":24},"end":{"line":28,"column":34}},"6":{"start":{"line":30,"column":4},"end":{"line":35,"column":5}},"7":{"start":{"line":31,"column":6},"end":{"line":34,"column":9}},"8":{"start":{"line":37,"column":4},"end":{"line":37,"column":59}},"9":{"start":{"line":38,"column":4},"end":{"line":57,"column":5}},"10":{"start":{"line":39,"column":21},"end":{"line":39,"column":57}},"11":{"start":{"line":40,"column":6},"end":{"line":40,"column":58}},"12":{"start":{"line":41,"column":40},"end":{"line":45,"column":8}},"13":{"start":{"line":47,"column":6},"end":{"line":50,"column":9}},"14":{"start":{"line":52,"column":6},"end":{"line":56,"column":9}},"15":{"start":{"line":62,"column":24},"end":{"line":62,"column":34}},"16":{"start":{"line":64,"column":4},"end":{"line":69,"column":5}},"17":{"start":{"line":65,"column":6},"end":{"line":68,"column":9}},"18":{"start":{"line":71,"column":4},"end":{"line":89,"column":5}},"19":{"start":{"line":72,"column":6},"end":{"line":72,"column":42}},"20":{"start":{"line":73,"column":40},"end":{"line":77,"column":8}},"21":{"start":{"line":79,"column":6},"end":{"line":82,"column":9}},"22":{"start":{"line":84,"column":6},"end":{"line":88,"column":9}},"23":{"start":{"line":94,"column":24},"end":{"line":94,"column":34}},"24":{"start":{"line":96,"column":4},"end":{"line":101,"column":5}},"25":{"start":{"line":97,"column":6},"end":{"line":100,"column":9}},"26":{"start":{"line":103,"column":4},"end":{"line":121,"column":5}},"27":{"start":{"line":104,"column":6},"end":{"line":104,"column":41}},"28":{"start":{"line":105,"column":40},"end":{"line":109,"column":8}},"29":{"start":{"line":111,"column":6},"end":{"line":114,"column":9}},"30":{"start":{"line":116,"column":6},"end":{"line":120,"column":9}},"31":{"start":{"line":126,"column":24},"end":{"line":126,"column":34}},"32":{"start":{"line":128,"column":4},"end":{"line":133,"column":5}},"33":{"start":{"line":129,"column":6},"end":{"line":132,"column":9}},"34":{"start":{"line":135,"column":4},"end":{"line":154,"column":5}},"35":{"start":{"line":136,"column":6},"end":{"line":136,"column":41}},"36":{"start":{"line":137,"column":6},"end":{"line":137,"column":42}},"37":{"start":{"line":138,"column":40},"end":{"line":142,"column":8}},"38":{"start":{"line":144,"column":6},"end":{"line":147,"column":9}},"39":{"start":{"line":149,"column":6},"end":{"line":153,"column":9}},"40":{"start":{"line":159,"column":39},"end":{"line":159,"column":66}},"41":{"start":{"line":160,"column":40},"end":{"line":160,"column":42}},"42":{"start":{"line":162,"column":4},"end":{"line":182,"column":5}},"43":{"start":{"line":163,"column":6},"end":{"line":170,"column":7}},"44":{"start":{"line":164,"column":23},"end":{"line":164,"column":59}},"45":{"start":{"line":165,"column":8},"end":{"line":169,"column":11}},"46":{"start":{"line":172,"column":6},"end":{"line":175,"column":9}},"47":{"start":{"line":177,"column":6},"end":{"line":181,"column":9}},"48":{"start":{"line":186,"column":0},"end":{"line":186,"column":40}}},"fnMap":{"0":{"name":"(anonymous_0)","decl":{"start":{"line":20,"column":25},"end":{"line":20,"column":26}},"loc":{"start":{"line":20,"column":72},"end":{"line":22,"column":1}}},"1":{"name":"(anonymous_1)","decl":{"start":{"line":26,"column":9},"end":{"line":26,"column":14}},"loc":{"start":{"line":26,"column":59},"end":{"line":58,"column":3}}},"2":{"name":"(anonymous_2)","decl":{"start":{"line":61,"column":9},"end":{"line":61,"column":14}},"loc":{"start":{"line":61,"column":55},"end":{"line":90,"column":3}}},"3":{"name":"(anonymous_3)","decl":{"start":{"line":93,"column":9},"end":{"line":93,"column":14}},"loc":{"start":{"line":93,"column":54},"end":{"line":122,"column":3}}},"4":{"name":"(anonymous_4)","decl":{"start":{"line":125,"column":9},"end":{"line":125,"column":14}},"loc":{"start":{"line":125,"column":57},"end":{"line":155,"column":3}}},"5":{"name":"(anonymous_5)","decl":{"start":{"line":158,"column":9},"end":{"line":158,"column":14}},"loc":{"start":{"line":158,"column":63},"end":{"line":183,"column":3}}}},"branchMap":{"0":{"loc":{"start":{"line":30,"column":4},"end":{"line":35,"column":5}},"type":"if","locations":[{"start":{"line":30,"column":4},"end":{"line":35,"column":5}}]},"1":{"loc":{"start":{"line":43,"column":16},"end":{"line":43,"column":46}},"type":"cond-expr","locations":[{"start":{"line":43,"column":25},"end":{"line":43,"column":34}},{"start":{"line":43,"column":37},"end":{"line":43,"column":46}}]},"2":{"loc":{"start":{"line":44,"column":42},"end":{"line":44,"column":72}},"type":"cond-expr","locations":[{"start":{"line":44,"column":51},"end":{"line":44,"column":60}},{"start":{"line":44,"column":63},"end":{"line":44,"column":72}}]},"3":{"loc":{"start":{"line":55,"column":15},"end":{"line":55,"column":71}},"type":"cond-expr","locations":[{"start":{"line":55,"column":40},"end":{"line":55,"column":53}},{"start":{"line":55,"column":56},"end":{"line":55,"column":71}}]},"4":{"loc":{"start":{"line":64,"column":4},"end":{"line":69,"column":5}},"type":"if","locations":[{"start":{"line":64,"column":4},"end":{"line":69,"column":5}}]},"5":{"loc":{"start":{"line":87,"column":15},"end":{"line":87,"column":71}},"type":"cond-expr","locations":[{"start":{"line":87,"column":40},"end":{"line":87,"column":53}},{"start":{"line":87,"column":56},"end":{"line":87,"column":71}}]},"6":{"loc":{"start":{"line":96,"column":4},"end":{"line":101,"column":5}},"type":"if","locations":[{"start":{"line":96,"column":4},"end":{"line":101,"column":5}}]},"7":{"loc":{"start":{"line":119,"column":15},"end":{"line":119,"column":71}},"type":"cond-expr","locations":[{"start":{"line":119,"column":40},"end":{"line":119,"column":53}},{"start":{"line":119,"column":56},"end":{"line":119,"column":71}}]},"8":{"loc":{"start":{"line":128,"column":4},"end":{"line":133,"column":5}},"type":"if","locations":[{"start":{"line":128,"column":4},"end":{"line":133,"column":5}}]},"9":{"loc":{"start":{"line":152,"column":15},"end":{"line":152,"column":71}},"type":"cond-expr","locations":[{"start":{"line":152,"column":40},"end":{"line":152,"column":53}},{"start":{"line":152,"column":56},"end":{"line":152,"column":71}}]},"10":{"loc":{"start":{"line":167,"column":18},"end":{"line":167,"column":48}},"type":"cond-expr","locations":[{"start":{"line":167,"column":27},"end":{"line":167,"column":36}},{"start":{"line":167,"column":39},"end":{"line":167,"column":48}}]},"11":{"loc":{"start":{"line":168,"column":44},"end":{"line":168,"column":74}},"type":"cond-expr","locations":[{"start":{"line":168,"column":53},"end":{"line":168,"column":62}},{"start":{"line":168,"column":65},"end":{"line":168,"column":74}}]},"12":{"loc":{"start":{"line":180,"column":15},"end":{"line":180,"column":71}},"type":"cond-expr","locations":[{"start":{"line":180,"column":40},"end":{"line":180,"column":53}},{"start":{"line":180,"column":56},"end":{"line":180,"column":71}}]}},"s":{"0":2,"1":2,"2":2,"3":12,"4":6,"5":6,"6":6,"7":1,"8":5,"9":5,"10":5,"11":5,"12":5,"13":5,"14":0,"15":2,"16":2,"17":1,"18":1,"19":1,"20":1,"21":1,"22":0,"23":2,"24":2,"25":1,"26":1,"27":1,"28":1,"29":1,"30":0,"31":2,"32":2,"33":1,"34":1,"35":1,"36":1,"37":1,"38":1,"39":0,"40":1,"41":1,"42":1,"43":1,"44":3,"45":3,"46":1,"47":0,"48":2},"f":{"0":12,"1":6,"2":2,"3":2,"4":2,"5":1},"b":{"0":[1],"1":[3,2],"2":[3,2],"3":[0,0],"4":[1],"5":[0,0],"6":[1],"7":[0,0],"8":[1],"9":[0,0],"10":[2,1],"11":[2,1],"12":[0,0]}}
,"/home/oussama/personal/ts-node-express/src/controllers/usersController.ts": {"path":"/home/oussama/personal/ts-node-express/src/controllers/usersController.ts","statementMap":{"0":{"start":{"line":2,"column":0},"end":{"line":2,"column":31}},"1":{"start":{"line":3,"column":0},"end":{"line":3,"column":42}},"2":{"start":{"line":4,"column":0},"end":{"line":4,"column":33}},"3":{"start":{"line":5,"column":0},"end":{"line":5,"column":24}},"4":{"start":{"line":8,"column":19},"end":{"line":12,"column":2}},"5":{"start":{"line":14,"column":13},"end":{"line":129,"column":2}},"6":{"start":{"line":17,"column":4},"end":{"line":23,"column":5}},"7":{"start":{"line":18,"column":20},"end":{"line":18,"column":54}},"8":{"start":{"line":19,"column":6},"end":{"line":19,"column":41}},"9":{"start":{"line":21,"column":6},"end":{"line":21,"column":52}},"10":{"start":{"line":22,"column":6},"end":{"line":22,"column":70}},"11":{"start":{"line":28,"column":4},"end":{"line":43,"column":5}},"12":{"start":{"line":29,"column":17},"end":{"line":29,"column":38}},"13":{"start":{"line":30,"column":19},"end":{"line":33,"column":37}},"14":{"start":{"line":35,"column":6},"end":{"line":37,"column":7}},"15":{"start":{"line":36,"column":8},"end":{"line":36,"column":65}},"16":{"start":{"line":39,"column":6},"end":{"line":39,"column":43}},"17":{"start":{"line":41,"column":6},"end":{"line":41,"column":51}},"18":{"start":{"line":42,"column":6},"end":{"line":42,"column":70}},"19":{"start":{"line":48,"column":4},"end":{"line":72,"column":5}},"20":{"start":{"line":49,"column":25},"end":{"line":49,"column":55}},"21":{"start":{"line":51,"column":6},"end":{"line":56,"column":7}},"22":{"start":{"line":52,"column":8},"end":{"line":55,"column":11}},"23":{"start":{"line":58,"column":35},"end":{"line":58,"column":50}},"24":{"start":{"line":60,"column":22},"end":{"line":63,"column":20}},"25":{"start":{"line":65,"column":6},"end":{"line":65,"column":46}},"26":{"start":{"line":67,"column":6},"end":{"line":69,"column":7}},"27":{"start":{"line":68,"column":8},"end":{"line":68,"column":71}},"28":{"start":{"line":70,"column":6},"end":{"line":70,"column":51}},"29":{"start":{"line":71,"column":6},"end":{"line":71,"column":70}},"30":{"start":{"line":77,"column":4},"end":{"line":107,"column":5}},"31":{"start":{"line":78,"column":17},"end":{"line":78,"column":38}},"32":{"start":{"line":79,"column":25},"end":{"line":79,"column":65}},"33":{"start":{"line":81,"column":6},"end":{"line":86,"column":7}},"34":{"start":{"line":82,"column":8},"end":{"line":85,"column":11}},"35":{"start":{"line":88,"column":25},"end":{"line":88,"column":40}},"36":{"start":{"line":90,"column":26},"end":{"line":94,"column":20}},"37":{"start":{"line":96,"column":6},"end":{"line":98,"column":7}},"38":{"start":{"line":97,"column":8},"end":{"line":97,"column":65}},"39":{"start":{"line":100,"column":6},"end":{"line":100,"column":50}},"40":{"start":{"line":102,"column":6},"end":{"line":104,"column":7}},"41":{"start":{"line":103,"column":8},"end":{"line":103,"column":71}},"42":{"start":{"line":105,"column":6},"end":{"line":105,"column":51}},"43":{"start":{"line":106,"column":6},"end":{"line":106,"column":70}},"44":{"start":{"line":112,"column":4},"end":{"line":127,"column":5}},"45":{"start":{"line":113,"column":17},"end":{"line":113,"column":38}},"46":{"start":{"line":114,"column":26},"end":{"line":117,"column":20}},"47":{"start":{"line":119,"column":6},"end":{"line":121,"column":7}},"48":{"start":{"line":120,"column":8},"end":{"line":120,"column":65}},"49":{"start":{"line":123,"column":6},"end":{"line":123,"column":76}},"50":{"start":{"line":125,"column":6},"end":{"line":125,"column":51}},"51":{"start":{"line":126,"column":6},"end":{"line":126,"column":70}}},"fnMap":{"0":{"name":"(anonymous_0)","decl":{"start":{"line":16,"column":2},"end":{"line":16,"column":7}},"loc":{"start":{"line":16,"column":47},"end":{"line":24,"column":3}}},"1":{"name":"(anonymous_1)","decl":{"start":{"line":27,"column":2},"end":{"line":27,"column":7}},"loc":{"start":{"line":27,"column":47},"end":{"line":44,"column":3}}},"2":{"name":"(anonymous_2)","decl":{"start":{"line":47,"column":2},"end":{"line":47,"column":7}},"loc":{"start":{"line":47,"column":46},"end":{"line":73,"column":3}}},"3":{"name":"(anonymous_3)","decl":{"start":{"line":76,"column":2},"end":{"line":76,"column":7}},"loc":{"start":{"line":76,"column":46},"end":{"line":108,"column":3}}},"4":{"name":"(anonymous_4)","decl":{"start":{"line":111,"column":2},"end":{"line":111,"column":7}},"loc":{"start":{"line":111,"column":46},"end":{"line":128,"column":3}}}},"branchMap":{"0":{"loc":{"start":{"line":35,"column":6},"end":{"line":37,"column":7}},"type":"if","locations":[{"start":{"line":35,"column":6},"end":{"line":37,"column":7}}]},"1":{"loc":{"start":{"line":51,"column":6},"end":{"line":56,"column":7}},"type":"if","locations":[{"start":{"line":51,"column":6},"end":{"line":56,"column":7}}]},"2":{"loc":{"start":{"line":67,"column":6},"end":{"line":69,"column":7}},"type":"if","locations":[{"start":{"line":67,"column":6},"end":{"line":69,"column":7}}]},"3":{"loc":{"start":{"line":81,"column":6},"end":{"line":86,"column":7}},"type":"if","locations":[{"start":{"line":81,"column":6},"end":{"line":86,"column":7}}]},"4":{"loc":{"start":{"line":96,"column":6},"end":{"line":98,"column":7}},"type":"if","locations":[{"start":{"line":96,"column":6},"end":{"line":98,"column":7}}]},"5":{"loc":{"start":{"line":102,"column":6},"end":{"line":104,"column":7}},"type":"if","locations":[{"start":{"line":102,"column":6},"end":{"line":104,"column":7}}]},"6":{"loc":{"start":{"line":119,"column":6},"end":{"line":121,"column":7}},"type":"if","locations":[{"start":{"line":119,"column":6},"end":{"line":121,"column":7}}]}},"s":{"0":0,"1":0,"2":0,"3":0,"4":0,"5":0,"6":0,"7":0,"8":0,"9":0,"10":0,"11":0,"12":0,"13":0,"14":0,"15":0,"16":0,"17":0,"18":0,"19":0,"20":0,"21":0,"22":0,"23":0,"24":0,"25":0,"26":0,"27":0,"28":0,"29":0,"30":0,"31":0,"32":0,"33":0,"34":0,"35":0,"36":0,"37":0,"38":0,"39":0,"40":0,"41":0,"42":0,"43":0,"44":0,"45":0,"46":0,"47":0,"48":0,"49":0,"50":0,"51":0},"f":{"0":0,"1":0,"2":0,"3":0,"4":0},"b":{"0":[0],"1":[0],"2":[0],"3":[0],"4":[0],"5":[0],"6":[0]}}
,"/home/oussama/personal/ts-node-express/src/db/schema.ts": {"path":"/home/oussama/personal/ts-node-express/src/db/schema.ts","statementMap":{"0":{"start":{"line":1,"column":0},"end":{"line":1,"column":65}},"1":{"start":{"line":3,"column":13},"end":{"line":8,"column":3}}},"fnMap":{},"branchMap":{},"s":{"0":0,"1":0},"f":{},"b":{}}
,"/home/oussama/personal/ts-node-express/src/lib/ServiceManager.ts": {"path":"/home/oussama/personal/ts-node-express/src/lib/ServiceManager.ts","statementMap":{"0":{"start":{"line":1,"column":0},"end":{"line":1,"column":37}},"1":{"start":{"line":2,"column":0},"end":{"line":2,"column":33}},"2":{"start":{"line":4,"column":18},"end":{"line":4,"column":33}},"3":{"start":{"line":9,"column":34},"end":{"line":9,"column":53}},"4":{"start":{"line":10,"column":4},"end":{"line":10,"column":47}},"5":{"start":{"line":14,"column":4},"end":{"line":14,"column":49}},"6":{"start":{"line":15,"column":4},"end":{"line":29,"column":5}},"7":{"start":{"line":16,"column":33},"end":{"line":16,"column":57}},"8":{"start":{"line":17,"column":6},"end":{"line":17,"column":72}},"9":{"start":{"line":18,"column":6},"end":{"line":21,"column":7}},"10":{"start":{"line":19,"column":8},"end":{"line":19,"column":60}},"11":{"start":{"line":20,"column":8},"end":{"line":20,"column":32}},"12":{"start":{"line":22,"column":6},"end":{"line":22,"column":27}},"13":{"start":{"line":24,"column":6},"end":{"line":24,"column":66}},"14":{"start":{"line":25,"column":6},"end":{"line":27,"column":7}},"15":{"start":{"line":26,"column":8},"end":{"line":26,"column":70}},"16":{"start":{"line":28,"column":6},"end":{"line":28,"column":18}},"17":{"start":{"line":37,"column":4},"end":{"line":39,"column":5}},"18":{"start":{"line":38,"column":6},"end":{"line":38,"column":46}},"19":{"start":{"line":41,"column":4},"end":{"line":46,"column":5}},"20":{"start":{"line":42,"column":6},"end":{"line":42,"column":67}},"21":{"start":{"line":43,"column":6},"end":{"line":43,"column":55}},"22":{"start":{"line":45,"column":6},"end":{"line":45,"column":113}},"23":{"start":{"line":54,"column":4},"end":{"line":56,"column":5}},"24":{"start":{"line":55,"column":6},"end":{"line":55,"column":46}},"25":{"start":{"line":58,"column":4},"end":{"line":63,"column":5}},"26":{"start":{"line":59,"column":6},"end":{"line":59,"column":66}},"27":{"start":{"line":60,"column":6},"end":{"line":60,"column":55}},"28":{"start":{"line":62,"column":6},"end":{"line":62,"column":112}},"29":{"start":{"line":71,"column":4},"end":{"line":73,"column":5}},"30":{"start":{"line":72,"column":6},"end":{"line":72,"column":46}},"31":{"start":{"line":75,"column":4},"end":{"line":80,"column":5}},"32":{"start":{"line":76,"column":6},"end":{"line":76,"column":69}},"33":{"start":{"line":77,"column":6},"end":{"line":77,"column":57}},"34":{"start":{"line":79,"column":6},"end":{"line":79,"column":115}},"35":{"start":{"line":89,"column":4},"end":{"line":91,"column":5}},"36":{"start":{"line":90,"column":6},"end":{"line":90,"column":46}},"37":{"start":{"line":92,"column":4},"end":{"line":92,"column":68}},"38":{"start":{"line":94,"column":4},"end":{"line":101,"column":5}},"39":{"start":{"line":95,"column":21},"end":{"line":95,"column":80}},"40":{"start":{"line":96,"column":6},"end":{"line":96,"column":58}},"41":{"start":{"line":97,"column":6},"end":{"line":97,"column":40}},"42":{"start":{"line":100,"column":6},"end":{"line":100,"column":19}},"43":{"start":{"line":109,"column":4},"end":{"line":111,"column":5}},"44":{"start":{"line":110,"column":6},"end":{"line":110,"column":46}},"45":{"start":{"line":113,"column":4},"end":{"line":117,"column":5}},"46":{"start":{"line":114,"column":6},"end":{"line":114,"column":70}},"47":{"start":{"line":116,"column":6},"end":{"line":116,"column":122}},"48":{"start":{"line":125,"column":4},"end":{"line":127,"column":5}},"49":{"start":{"line":126,"column":6},"end":{"line":126,"column":46}},"50":{"start":{"line":129,"column":4},"end":{"line":134,"column":5}},"51":{"start":{"line":130,"column":6},"end":{"line":130,"column":68}},"52":{"start":{"line":131,"column":6},"end":{"line":131,"column":55}},"53":{"start":{"line":133,"column":6},"end":{"line":133,"column":114}},"54":{"start":{"line":142,"column":4},"end":{"line":144,"column":5}},"55":{"start":{"line":143,"column":6},"end":{"line":143,"column":46}},"56":{"start":{"line":146,"column":4},"end":{"line":151,"column":5}},"57":{"start":{"line":147,"column":6},"end":{"line":147,"column":69}},"58":{"start":{"line":148,"column":6},"end":{"line":148,"column":56}},"59":{"start":{"line":150,"column":6},"end":{"line":150,"column":115}},"60":{"start":{"line":6,"column":0},"end":{"line":6,"column":13}}},"fnMap":{"0":{"name":"(anonymous_0)","decl":{"start":{"line":7,"column":10},"end":{"line":7,"column":29}},"loc":{"start":{"line":7,"column":45},"end":{"line":11,"column":3}}},"1":{"name":"(anonymous_1)","decl":{"start":{"line":13,"column":10},"end":{"line":13,"column":15}},"loc":{"start":{"line":13,"column":46},"end":{"line":30,"column":3}}},"2":{"name":"(anonymous_2)","decl":{"start":{"line":36,"column":9},"end":{"line":36,"column":14}},"loc":{"start":{"line":36,"column":36},"end":{"line":47,"column":3}}},"3":{"name":"(anonymous_3)","decl":{"start":{"line":53,"column":9},"end":{"line":53,"column":14}},"loc":{"start":{"line":53,"column":35},"end":{"line":64,"column":3}}},"4":{"name":"(anonymous_4)","decl":{"start":{"line":70,"column":9},"end":{"line":70,"column":14}},"loc":{"start":{"line":70,"column":38},"end":{"line":81,"column":3}}},"5":{"name":"(anonymous_5)","decl":{"start":{"line":88,"column":9},"end":{"line":88,"column":14}},"loc":{"start":{"line":88,"column":37},"end":{"line":102,"column":3}}},"6":{"name":"(anonymous_6)","decl":{"start":{"line":108,"column":9},"end":{"line":108,"column":14}},"loc":{"start":{"line":108,"column":48},"end":{"line":118,"column":3}}},"7":{"name":"(anonymous_7)","decl":{"start":{"line":124,"column":9},"end":{"line":124,"column":14}},"loc":{"start":{"line":124,"column":37},"end":{"line":135,"column":3}}},"8":{"name":"(anonymous_8)","decl":{"start":{"line":141,"column":9},"end":{"line":141,"column":14}},"loc":{"start":{"line":141,"column":38},"end":{"line":152,"column":3}}}},"branchMap":{"0":{"loc":{"start":{"line":18,"column":6},"end":{"line":21,"column":7}},"type":"if","locations":[{"start":{"line":18,"column":6},"end":{"line":21,"column":7}}]},"1":{"loc":{"start":{"line":25,"column":6},"end":{"line":27,"column":7}},"type":"if","locations":[{"start":{"line":25,"column":6},"end":{"line":27,"column":7}}]},"2":{"loc":{"start":{"line":37,"column":4},"end":{"line":39,"column":5}},"type":"if","locations":[{"start":{"line":37,"column":4},"end":{"line":39,"column":5}}]},"3":{"loc":{"start":{"line":45,"column":53},"end":{"line":45,"column":109}},"type":"cond-expr","locations":[{"start":{"line":45,"column":78},"end":{"line":45,"column":91}},{"start":{"line":45,"column":94},"end":{"line":45,"column":109}}]},"4":{"loc":{"start":{"line":54,"column":4},"end":{"line":56,"column":5}},"type":"if","locations":[{"start":{"line":54,"column":4},"end":{"line":56,"column":5}}]},"5":{"loc":{"start":{"line":62,"column":52},"end":{"line":62,"column":108}},"type":"cond-expr","locations":[{"start":{"line":62,"column":77},"end":{"line":62,"column":90}},{"start":{"line":62,"column":93},"end":{"line":62,"column":108}}]},"6":{"loc":{"start":{"line":71,"column":4},"end":{"line":73,"column":5}},"type":"if","locations":[{"start":{"line":71,"column":4},"end":{"line":73,"column":5}}]},"7":{"loc":{"start":{"line":79,"column":55},"end":{"line":79,"column":111}},"type":"cond-expr","locations":[{"start":{"line":79,"column":80},"end":{"line":79,"column":93}},{"start":{"line":79,"column":96},"end":{"line":79,"column":111}}]},"8":{"loc":{"start":{"line":89,"column":4},"end":{"line":91,"column":5}},"type":"if","locations":[{"start":{"line":89,"column":4},"end":{"line":91,"column":5}}]},"9":{"loc":{"start":{"line":109,"column":4},"end":{"line":111,"column":5}},"type":"if","locations":[{"start":{"line":109,"column":4},"end":{"line":111,"column":5}}]},"10":{"loc":{"start":{"line":116,"column":62},"end":{"line":116,"column":118}},"type":"cond-expr","locations":[{"start":{"line":116,"column":87},"end":{"line":116,"column":100}},{"start":{"line":116,"column":103},"end":{"line":116,"column":118}}]},"11":{"loc":{"start":{"line":125,"column":4},"end":{"line":127,"column":5}},"type":"if","locations":[{"start":{"line":125,"column":4},"end":{"line":127,"column":5}}]},"12":{"loc":{"start":{"line":133,"column":54},"end":{"line":133,"column":110}},"type":"cond-expr","locations":[{"start":{"line":133,"column":79},"end":{"line":133,"column":92}},{"start":{"line":133,"column":95},"end":{"line":133,"column":110}}]},"13":{"loc":{"start":{"line":142,"column":4},"end":{"line":144,"column":5}},"type":"if","locations":[{"start":{"line":142,"column":4},"end":{"line":144,"column":5}}]},"14":{"loc":{"start":{"line":150,"column":55},"end":{"line":150,"column":111}},"type":"cond-expr","locations":[{"start":{"line":150,"column":80},"end":{"line":150,"column":93}},{"start":{"line":150,"column":96},"end":{"line":150,"column":111}}]}},"s":{"0":1,"1":1,"2":1,"3":0,"4":0,"5":0,"6":0,"7":0,"8":0,"9":0,"10":0,"11":0,"12":0,"13":0,"14":0,"15":0,"16":0,"17":0,"18":0,"19":0,"20":0,"21":0,"22":0,"23":0,"24":0,"25":0,"26":0,"27":0,"28":0,"29":0,"30":0,"31":0,"32":0,"33":0,"34":0,"35":0,"36":0,"37":0,"38":0,"39":0,"40":0,"41":0,"42":0,"43":0,"44":0,"45":0,"46":0,"47":0,"48":0,"49":0,"50":0,"51":0,"52":0,"53":0,"54":0,"55":0,"56":0,"57":0,"58":0,"59":0,"60":1},"f":{"0":0,"1":0,"2":0,"3":0,"4":0,"5":0,"6":0,"7":0,"8":0},"b":{"0":[0],"1":[0],"2":[0],"3":[0,0],"4":[0],"5":[0,0],"6":[0],"7":[0,0],"8":[0],"9":[0],"10":[0,0],"11":[0],"12":[0,0],"13":[0],"14":[0,0]}}
,"/home/oussama/personal/ts-node-express/src/lib/db.ts": {"path":"/home/oussama/personal/ts-node-express/src/lib/db.ts","statementMap":{"0":{"start":{"line":1,"column":0},"end":{"line":1,"column":23}},"1":{"start":{"line":2,"column":0},"end":{"line":2,"column":45}},"2":{"start":{"line":4,"column":13},"end":{"line":4,"column":53}}},"fnMap":{},"branchMap":{},"s":{"0":0,"1":0,"2":0},"f":{},"b":{}}
,"/home/oussama/personal/ts-node-express/src/middlewares/errorHandler.ts": {"path":"/home/oussama/personal/ts-node-express/src/middlewares/errorHandler.ts","statementMap":{"0":{"start":{"line":7,"column":28},"end":{"line":19,"column":1}},"1":{"start":{"line":13,"column":21},"end":{"line":13,"column":42}},"2":{"start":{"line":15,"column":2},"end":{"line":18,"column":5}},"3":{"start":{"line":7,"column":13},"end":{"line":7,"column":28}}},"fnMap":{"0":{"name":"(anonymous_0)","decl":{"start":{"line":7,"column":28},"end":{"line":7,"column":null}},"loc":{"start":{"line":12,"column":10},"end":{"line":19,"column":1}}}},"branchMap":{"0":{"loc":{"start":{"line":13,"column":21},"end":{"line":13,"column":42}},"type":"binary-expr","locations":[{"start":{"line":13,"column":21},"end":{"line":13,"column":35}},{"start":{"line":13,"column":39},"end":{"line":13,"column":42}}]},"1":{"loc":{"start":{"line":17,"column":11},"end":{"line":17,"column":73}},"type":"cond-expr","locations":[{"start":{"line":17,"column":52},"end":{"line":17,"column":61}},{"start":{"line":17,"column":64},"end":{"line":17,"column":73}}]}},"s":{"0":0,"1":0,"2":0,"3":0},"f":{"0":0},"b":{"0":[0,0],"1":[0,0]}}
,"/home/oussama/personal/ts-node-express/src/models/item.ts": {"path":"/home/oussama/personal/ts-node-express/src/models/item.ts","statementMap":{"0":{"start":{"line":10,"column":13},"end":{"line":10,"column":50}}},"fnMap":{},"branchMap":{},"s":{"0":0},"f":{},"b":{}}
,"/home/oussama/personal/ts-node-express/src/routes/serviceRoutes.ts": {"path":"/home/oussama/personal/ts-node-express/src/routes/serviceRoutes.ts","statementMap":{"0":{"start":{"line":1,"column":0},"end":{"line":1,"column":30}},"1":{"start":{"line":2,"column":0},"end":{"line":2,"column":67}},"2":{"start":{"line":4,"column":15},"end":{"line":4,"column":31}},"3":{"start":{"line":7,"column":0},"end":{"line":7,"column":57}},"4":{"start":{"line":10,"column":0},"end":{"line":10,"column":61}},"5":{"start":{"line":13,"column":0},"end":{"line":13,"column":64}},"6":{"start":{"line":16,"column":0},"end":{"line":16,"column":62}},"7":{"start":{"line":19,"column":0},"end":{"line":19,"column":68}},"8":{"start":{"line":22,"column":0},"end":{"line":22,"column":68}},"9":{"start":{"line":27,"column":0},"end":{"line":27,"column":22}}},"fnMap":{},"branchMap":{},"s":{"0":0,"1":0,"2":0,"3":0,"4":0,"5":0,"6":0,"7":0,"8":0,"9":0},"f":{},"b":{}}
,"/home/oussama/personal/ts-node-express/src/routes/usersRoutes.ts": {"path":"/home/oussama/personal/ts-node-express/src/routes/usersRoutes.ts","statementMap":{"0":{"start":{"line":1,"column":0},"end":{"line":1,"column":30}},"1":{"start":{"line":2,"column":0},"end":{"line":2,"column":65}},"2":{"start":{"line":4,"column":15},"end":{"line":4,"column":31}},"3":{"start":{"line":7,"column":0},"end":{"line":7,"column":45}},"4":{"start":{"line":10,"column":0},"end":{"line":10,"column":48}},"5":{"start":{"line":13,"column":0},"end":{"line":13,"column":45}},"6":{"start":{"line":16,"column":0},"end":{"line":16,"column":49}},"7":{"start":{"line":19,"column":0},"end":{"line":19,"column":50}},"8":{"start":{"line":21,"column":0},"end":{"line":21,"column":22}}},"fnMap":{},"branchMap":{},"s":{"0":0,"1":0,"2":0,"3":0,"4":0,"5":0,"6":0,"7":0,"8":0},"f":{},"b":{}}
}
