TN:
SF:src/app.ts
FNF:0
FNH:0
DA:1,0
DA:2,0
DA:3,0
DA:4,0
DA:6,0
DA:9,0
DA:10,0
DA:13,0
DA:14,0
DA:17,0
DA:19,0
LF:11
LH:0
BRF:0
BRH:0
end_of_record
TN:
SF:src/server.ts
FN:4,(anonymous_1)
FN:6,(anonymous_2)
FNF:2
FNH:0
FNDA:0,(anonymous_1)
FNDA:0,(anonymous_2)
DA:1,0
DA:2,0
DA:4,0
DA:5,0
DA:6,0
DA:7,0
DA:10,0
DA:11,0
DA:15,0
LF:9
LH:0
BRF:0
BRH:0
end_of_record
TN:
SF:src/config/config.ts
FNF:0
FNH:0
DA:1,0
DA:3,0
DA:10,0
DA:15,0
LF:4
LH:0
BRDA:11,0,0,0
BRDA:11,0,1,0
BRDA:12,1,0,0
BRDA:12,1,1,0
BRF:4
BRH:0
end_of_record
TN:
SF:src/controllers/servicesController.ts
FN:20,(anonymous_0)
FN:26,(anonymous_1)
FN:61,(anonymous_2)
FN:93,(anonymous_3)
FN:125,(anonymous_4)
FN:158,(anonymous_5)
FNF:6
FNH:6
FNDA:12,(anonymous_0)
FNDA:6,(anonymous_1)
FNDA:2,(anonymous_2)
FNDA:2,(anonymous_3)
FNDA:2,(anonymous_4)
FNDA:1,(anonymous_5)
DA:2,2
DA:5,2
DA:20,2
DA:21,12
DA:27,6
DA:28,6
DA:30,6
DA:31,1
DA:37,5
DA:38,5
DA:39,5
DA:40,5
DA:41,5
DA:47,5
DA:52,0
DA:62,2
DA:64,2
DA:65,1
DA:71,1
DA:72,1
DA:73,1
DA:79,1
DA:84,0
DA:94,2
DA:96,2
DA:97,1
DA:103,1
DA:104,1
DA:105,1
DA:111,1
DA:116,0
DA:126,2
DA:128,2
DA:129,1
DA:135,1
DA:136,1
DA:137,1
DA:138,1
DA:144,1
DA:149,0
DA:159,1
DA:160,1
DA:162,1
DA:163,1
DA:164,3
DA:165,3
DA:172,1
DA:177,0
DA:186,2
LF:49
LH:44
BRDA:30,0,0,1
BRDA:43,1,0,3
BRDA:43,1,1,2
BRDA:44,2,0,3
BRDA:44,2,1,2
BRDA:55,3,0,0
BRDA:55,3,1,0
BRDA:64,4,0,1
BRDA:87,5,0,0
BRDA:87,5,1,0
BRDA:96,6,0,1
BRDA:119,7,0,0
BRDA:119,7,1,0
BRDA:128,8,0,1
BRDA:152,9,0,0
BRDA:152,9,1,0
BRDA:167,10,0,2
BRDA:167,10,1,1
BRDA:168,11,0,2
BRDA:168,11,1,1
BRDA:180,12,0,0
BRDA:180,12,1,0
BRF:22
BRH:12
end_of_record
TN:
SF:src/controllers/usersController.ts
FN:16,(anonymous_0)
FN:27,(anonymous_1)
FN:47,(anonymous_2)
FN:76,(anonymous_3)
FN:111,(anonymous_4)
FNF:5
FNH:0
FNDA:0,(anonymous_0)
FNDA:0,(anonymous_1)
FNDA:0,(anonymous_2)
FNDA:0,(anonymous_3)
FNDA:0,(anonymous_4)
DA:2,0
DA:3,0
DA:4,0
DA:5,0
DA:8,0
DA:14,0
DA:17,0
DA:18,0
DA:19,0
DA:21,0
DA:22,0
DA:28,0
DA:29,0
DA:30,0
DA:35,0
DA:36,0
DA:39,0
DA:41,0
DA:42,0
DA:48,0
DA:49,0
DA:51,0
DA:52,0
DA:58,0
DA:60,0
DA:65,0
DA:67,0
DA:68,0
DA:70,0
DA:71,0
DA:77,0
DA:78,0
DA:79,0
DA:81,0
DA:82,0
DA:88,0
DA:90,0
DA:96,0
DA:97,0
DA:100,0
DA:102,0
DA:103,0
DA:105,0
DA:106,0
DA:112,0
DA:113,0
DA:114,0
DA:119,0
DA:120,0
DA:123,0
DA:125,0
DA:126,0
LF:52
LH:0
BRDA:35,0,0,0
BRDA:51,1,0,0
BRDA:67,2,0,0
BRDA:81,3,0,0
BRDA:96,4,0,0
BRDA:102,5,0,0
BRDA:119,6,0,0
BRF:7
BRH:0
end_of_record
TN:
SF:src/db/schema.ts
FNF:0
FNH:0
DA:1,0
DA:3,0
LF:2
LH:0
BRF:0
BRH:0
end_of_record
TN:
SF:src/lib/ServiceManager.ts
FN:7,(anonymous_0)
FN:13,(anonymous_1)
FN:36,(anonymous_2)
FN:53,(anonymous_3)
FN:70,(anonymous_4)
FN:88,(anonymous_5)
FN:108,(anonymous_6)
FN:124,(anonymous_7)
FN:141,(anonymous_8)
FNF:9
FNH:0
FNDA:0,(anonymous_0)
FNDA:0,(anonymous_1)
FNDA:0,(anonymous_2)
FNDA:0,(anonymous_3)
FNDA:0,(anonymous_4)
FNDA:0,(anonymous_5)
FNDA:0,(anonymous_6)
FNDA:0,(anonymous_7)
FNDA:0,(anonymous_8)
DA:1,1
DA:2,1
DA:4,1
DA:6,1
DA:9,0
DA:10,0
DA:14,0
DA:15,0
DA:16,0
DA:17,0
DA:18,0
DA:19,0
DA:20,0
DA:22,0
DA:24,0
DA:25,0
DA:26,0
DA:28,0
DA:37,0
DA:38,0
DA:41,0
DA:42,0
DA:43,0
DA:45,0
DA:54,0
DA:55,0
DA:58,0
DA:59,0
DA:60,0
DA:62,0
DA:71,0
DA:72,0
DA:75,0
DA:76,0
DA:77,0
DA:79,0
DA:89,0
DA:90,0
DA:92,0
DA:94,0
DA:95,0
DA:96,0
DA:97,0
DA:100,0
DA:109,0
DA:110,0
DA:113,0
DA:114,0
DA:116,0
DA:125,0
DA:126,0
DA:129,0
DA:130,0
DA:131,0
DA:133,0
DA:142,0
DA:143,0
DA:146,0
DA:147,0
DA:148,0
DA:150,0
LF:61
LH:4
BRDA:18,0,0,0
BRDA:25,1,0,0
BRDA:37,2,0,0
BRDA:45,3,0,0
BRDA:45,3,1,0
BRDA:54,4,0,0
BRDA:62,5,0,0
BRDA:62,5,1,0
BRDA:71,6,0,0
BRDA:79,7,0,0
BRDA:79,7,1,0
BRDA:89,8,0,0
BRDA:109,9,0,0
BRDA:116,10,0,0
BRDA:116,10,1,0
BRDA:125,11,0,0
BRDA:133,12,0,0
BRDA:133,12,1,0
BRDA:142,13,0,0
BRDA:150,14,0,0
BRDA:150,14,1,0
BRF:21
BRH:0
end_of_record
TN:
SF:src/lib/db.ts
FNF:0
FNH:0
DA:1,0
DA:2,0
DA:4,0
LF:3
LH:0
BRF:0
BRH:0
end_of_record
TN:
SF:src/middlewares/errorHandler.ts
FN:7,(anonymous_0)
FNF:1
FNH:0
FNDA:0,(anonymous_0)
DA:7,0
DA:13,0
DA:15,0
LF:3
LH:0
BRDA:13,0,0,0
BRDA:13,0,1,0
BRDA:17,1,0,0
BRDA:17,1,1,0
BRF:4
BRH:0
end_of_record
TN:
SF:src/models/item.ts
FNF:0
FNH:0
DA:10,0
LF:1
LH:0
BRF:0
BRH:0
end_of_record
TN:
SF:src/routes/serviceRoutes.ts
FNF:0
FNH:0
DA:1,0
DA:2,0
DA:4,0
DA:7,0
DA:10,0
DA:13,0
DA:16,0
DA:19,0
DA:22,0
DA:27,0
LF:10
LH:0
BRF:0
BRH:0
end_of_record
TN:
SF:src/routes/usersRoutes.ts
FNF:0
FNH:0
DA:1,0
DA:2,0
DA:4,0
DA:7,0
DA:10,0
DA:13,0
DA:16,0
DA:19,0
DA:21,0
LF:9
LH:0
BRF:0
BRH:0
end_of_record
